<?xml version="1.0" encoding="UTF-8"?>
<testsuite xmlns:xsi="http://www.w3.org/2001/XMLSchema-instance"
           xsi:noNamespaceSchemaLocation="https://maven.apache.org/surefire/maven-surefire-plugin/xsd/surefire-test-report.xsd"
           name="com.komorebi.helloworld1.Helloworld1ApplicationTests" time="16.743" tests="1" errors="0" skipped="0"
           failures="0">
    <properties>
        <property name="gopherProxySet" value="false"/>
        <property name="awt.toolkit" value="sun.lwawt.macosx.LWCToolkit"/>
        <property name="file.encoding.pkg" value="sun.io"/>
        <property name="java.specification.version" value="1.8"/>
        <property name="sun.cpu.isalist" value=""/>
        <property name="sun.jnu.encoding" value="UTF-8"/>
        <property name="java.class.path"
                  value="/Users/nihaopeng/个人/Git/JavaWeb/SpringBoot/helloworld1/target/test-classes:/Users/nihaopeng/个人/Git/JavaWeb/SpringBoot/helloworld1/target/classes:/Library/Maven-3.6.1/maven-repo/org/springframework/boot/spring-boot-starter-web/2.4.0/spring-boot-starter-web-2.4.0.jar:/Library/Maven-3.6.1/maven-repo/org/springframework/boot/spring-boot-starter/2.4.0/spring-boot-starter-2.4.0.jar:/Library/Maven-3.6.1/maven-repo/org/springframework/boot/spring-boot/2.4.0/spring-boot-2.4.0.jar:/Library/Maven-3.6.1/maven-repo/org/springframework/boot/spring-boot-autoconfigure/2.4.0/spring-boot-autoconfigure-2.4.0.jar:/Library/Maven-3.6.1/maven-repo/org/springframework/boot/spring-boot-starter-logging/2.4.0/spring-boot-starter-logging-2.4.0.jar:/Library/Maven-3.6.1/maven-repo/ch/qos/logback/logback-classic/1.2.3/logback-classic-1.2.3.jar:/Library/Maven-3.6.1/maven-repo/ch/qos/logback/logback-core/1.2.3/logback-core-1.2.3.jar:/Library/Maven-3.6.1/maven-repo/org/apache/logging/log4j/log4j-to-slf4j/2.13.3/log4j-to-slf4j-2.13.3.jar:/Library/Maven-3.6.1/maven-repo/org/apache/logging/log4j/log4j-api/2.13.3/log4j-api-2.13.3.jar:/Library/Maven-3.6.1/maven-repo/org/slf4j/jul-to-slf4j/1.7.30/jul-to-slf4j-1.7.30.jar:/Library/Maven-3.6.1/maven-repo/jakarta/annotation/jakarta.annotation-api/1.3.5/jakarta.annotation-api-1.3.5.jar:/Library/Maven-3.6.1/maven-repo/org/yaml/snakeyaml/1.27/snakeyaml-1.27.jar:/Library/Maven-3.6.1/maven-repo/org/springframework/boot/spring-boot-starter-json/2.4.0/spring-boot-starter-json-2.4.0.jar:/Library/Maven-3.6.1/maven-repo/com/fasterxml/jackson/core/jackson-databind/2.11.3/jackson-databind-2.11.3.jar:/Library/Maven-3.6.1/maven-repo/com/fasterxml/jackson/core/jackson-annotations/2.11.3/jackson-annotations-2.11.3.jar:/Library/Maven-3.6.1/maven-repo/com/fasterxml/jackson/core/jackson-core/2.11.3/jackson-core-2.11.3.jar:/Library/Maven-3.6.1/maven-repo/com/fasterxml/jackson/datatype/jackson-datatype-jdk8/2.11.3/jackson-datatype-jdk8-2.11.3.jar:/Library/Maven-3.6.1/maven-repo/com/fasterxml/jackson/datatype/jackson-datatype-jsr310/2.11.3/jackson-datatype-jsr310-2.11.3.jar:/Library/Maven-3.6.1/maven-repo/com/fasterxml/jackson/module/jackson-module-parameter-names/2.11.3/jackson-module-parameter-names-2.11.3.jar:/Library/Maven-3.6.1/maven-repo/org/springframework/boot/spring-boot-starter-tomcat/2.4.0/spring-boot-starter-tomcat-2.4.0.jar:/Library/Maven-3.6.1/maven-repo/org/apache/tomcat/embed/tomcat-embed-core/9.0.39/tomcat-embed-core-9.0.39.jar:/Library/Maven-3.6.1/maven-repo/org/glassfish/jakarta.el/3.0.3/jakarta.el-3.0.3.jar:/Library/Maven-3.6.1/maven-repo/org/apache/tomcat/embed/tomcat-embed-websocket/9.0.39/tomcat-embed-websocket-9.0.39.jar:/Library/Maven-3.6.1/maven-repo/org/springframework/spring-web/5.3.1/spring-web-5.3.1.jar:/Library/Maven-3.6.1/maven-repo/org/springframework/spring-beans/5.3.1/spring-beans-5.3.1.jar:/Library/Maven-3.6.1/maven-repo/org/springframework/spring-webmvc/5.3.1/spring-webmvc-5.3.1.jar:/Library/Maven-3.6.1/maven-repo/org/springframework/spring-aop/5.3.1/spring-aop-5.3.1.jar:/Library/Maven-3.6.1/maven-repo/org/springframework/spring-context/5.3.1/spring-context-5.3.1.jar:/Library/Maven-3.6.1/maven-repo/org/springframework/spring-expression/5.3.1/spring-expression-5.3.1.jar:/Library/Maven-3.6.1/maven-repo/org/springframework/boot/spring-boot-starter-test/2.4.0/spring-boot-starter-test-2.4.0.jar:/Library/Maven-3.6.1/maven-repo/org/springframework/boot/spring-boot-test/2.4.0/spring-boot-test-2.4.0.jar:/Library/Maven-3.6.1/maven-repo/org/springframework/boot/spring-boot-test-autoconfigure/2.4.0/spring-boot-test-autoconfigure-2.4.0.jar:/Library/Maven-3.6.1/maven-repo/com/jayway/jsonpath/json-path/2.4.0/json-path-2.4.0.jar:/Library/Maven-3.6.1/maven-repo/net/minidev/json-smart/2.3/json-smart-2.3.jar:/Library/Maven-3.6.1/maven-repo/net/minidev/accessors-smart/1.2/accessors-smart-1.2.jar:/Library/Maven-3.6.1/maven-repo/org/ow2/asm/asm/5.0.4/asm-5.0.4.jar:/Library/Maven-3.6.1/maven-repo/org/slf4j/slf4j-api/1.7.30/slf4j-api-1.7.30.jar:/Library/Maven-3.6.1/maven-repo/jakarta/xml/bind/jakarta.xml.bind-api/2.3.3/jakarta.xml.bind-api-2.3.3.jar:/Library/Maven-3.6.1/maven-repo/jakarta/activation/jakarta.activation-api/1.2.2/jakarta.activation-api-1.2.2.jar:/Library/Maven-3.6.1/maven-repo/org/assertj/assertj-core/3.18.1/assertj-core-3.18.1.jar:/Library/Maven-3.6.1/maven-repo/org/hamcrest/hamcrest/2.2/hamcrest-2.2.jar:/Library/Maven-3.6.1/maven-repo/org/junit/jupiter/junit-jupiter/5.7.0/junit-jupiter-5.7.0.jar:/Library/Maven-3.6.1/maven-repo/org/junit/jupiter/junit-jupiter-api/5.7.0/junit-jupiter-api-5.7.0.jar:/Library/Maven-3.6.1/maven-repo/org/apiguardian/apiguardian-api/1.1.0/apiguardian-api-1.1.0.jar:/Library/Maven-3.6.1/maven-repo/org/opentest4j/opentest4j/1.2.0/opentest4j-1.2.0.jar:/Library/Maven-3.6.1/maven-repo/org/junit/platform/junit-platform-commons/1.7.0/junit-platform-commons-1.7.0.jar:/Library/Maven-3.6.1/maven-repo/org/junit/jupiter/junit-jupiter-params/5.7.0/junit-jupiter-params-5.7.0.jar:/Library/Maven-3.6.1/maven-repo/org/junit/jupiter/junit-jupiter-engine/5.7.0/junit-jupiter-engine-5.7.0.jar:/Library/Maven-3.6.1/maven-repo/org/junit/platform/junit-platform-engine/1.7.0/junit-platform-engine-1.7.0.jar:/Library/Maven-3.6.1/maven-repo/org/mockito/mockito-core/3.6.0/mockito-core-3.6.0.jar:/Library/Maven-3.6.1/maven-repo/net/bytebuddy/byte-buddy/1.10.18/byte-buddy-1.10.18.jar:/Library/Maven-3.6.1/maven-repo/net/bytebuddy/byte-buddy-agent/1.10.18/byte-buddy-agent-1.10.18.jar:/Library/Maven-3.6.1/maven-repo/org/objenesis/objenesis/3.1/objenesis-3.1.jar:/Library/Maven-3.6.1/maven-repo/org/mockito/mockito-junit-jupiter/3.6.0/mockito-junit-jupiter-3.6.0.jar:/Library/Maven-3.6.1/maven-repo/org/skyscreamer/jsonassert/1.5.0/jsonassert-1.5.0.jar:/Library/Maven-3.6.1/maven-repo/com/vaadin/external/google/android-json/0.0.20131108.vaadin1/android-json-0.0.20131108.vaadin1.jar:/Library/Maven-3.6.1/maven-repo/org/springframework/spring-core/5.3.1/spring-core-5.3.1.jar:/Library/Maven-3.6.1/maven-repo/org/springframework/spring-jcl/5.3.1/spring-jcl-5.3.1.jar:/Library/Maven-3.6.1/maven-repo/org/springframework/spring-test/5.3.1/spring-test-5.3.1.jar:/Library/Maven-3.6.1/maven-repo/org/xmlunit/xmlunit-core/2.7.0/xmlunit-core-2.7.0.jar:"/>
        <property name="java.vm.vendor" value="Oracle Corporation"/>
        <property name="sun.arch.data.model" value="64"/>
        <property name="java.vendor.url" value="http://java.oracle.com/"/>
        <property name="user.timezone" value=""/>
        <property name="java.vm.specification.version" value="1.8"/>
        <property name="os.name" value="Mac OS X"/>
        <property name="user.country" value="CN"/>
        <property name="sun.java.launcher" value="SUN_STANDARD"/>
        <property name="sun.boot.library.path"
                  value="/Library/Java/JavaVirtualMachines/jdk1.8.0_271.jdk/Contents/Home/jre/lib"/>
        <property name="sun.java.command"
                  value="/Users/nihaopeng/个人/Git/JavaWeb/SpringBoot/helloworld1/target/surefire/surefirebooter2301466151340701744.jar /Users/nihaopeng/个人/Git/JavaWeb/SpringBoot/helloworld1/target/surefire 2020-12-10T10-59-34_304-jvmRun1 surefire6473822881100298088tmp surefire_03312493270314224583tmp"/>
        <property name="surefire.test.class.path"
                  value="/Users/nihaopeng/个人/Git/JavaWeb/SpringBoot/helloworld1/target/test-classes:/Users/nihaopeng/个人/Git/JavaWeb/SpringBoot/helloworld1/target/classes:/Library/Maven-3.6.1/maven-repo/org/springframework/boot/spring-boot-starter-web/2.4.0/spring-boot-starter-web-2.4.0.jar:/Library/Maven-3.6.1/maven-repo/org/springframework/boot/spring-boot-starter/2.4.0/spring-boot-starter-2.4.0.jar:/Library/Maven-3.6.1/maven-repo/org/springframework/boot/spring-boot/2.4.0/spring-boot-2.4.0.jar:/Library/Maven-3.6.1/maven-repo/org/springframework/boot/spring-boot-autoconfigure/2.4.0/spring-boot-autoconfigure-2.4.0.jar:/Library/Maven-3.6.1/maven-repo/org/springframework/boot/spring-boot-starter-logging/2.4.0/spring-boot-starter-logging-2.4.0.jar:/Library/Maven-3.6.1/maven-repo/ch/qos/logback/logback-classic/1.2.3/logback-classic-1.2.3.jar:/Library/Maven-3.6.1/maven-repo/ch/qos/logback/logback-core/1.2.3/logback-core-1.2.3.jar:/Library/Maven-3.6.1/maven-repo/org/apache/logging/log4j/log4j-to-slf4j/2.13.3/log4j-to-slf4j-2.13.3.jar:/Library/Maven-3.6.1/maven-repo/org/apache/logging/log4j/log4j-api/2.13.3/log4j-api-2.13.3.jar:/Library/Maven-3.6.1/maven-repo/org/slf4j/jul-to-slf4j/1.7.30/jul-to-slf4j-1.7.30.jar:/Library/Maven-3.6.1/maven-repo/jakarta/annotation/jakarta.annotation-api/1.3.5/jakarta.annotation-api-1.3.5.jar:/Library/Maven-3.6.1/maven-repo/org/yaml/snakeyaml/1.27/snakeyaml-1.27.jar:/Library/Maven-3.6.1/maven-repo/org/springframework/boot/spring-boot-starter-json/2.4.0/spring-boot-starter-json-2.4.0.jar:/Library/Maven-3.6.1/maven-repo/com/fasterxml/jackson/core/jackson-databind/2.11.3/jackson-databind-2.11.3.jar:/Library/Maven-3.6.1/maven-repo/com/fasterxml/jackson/core/jackson-annotations/2.11.3/jackson-annotations-2.11.3.jar:/Library/Maven-3.6.1/maven-repo/com/fasterxml/jackson/core/jackson-core/2.11.3/jackson-core-2.11.3.jar:/Library/Maven-3.6.1/maven-repo/com/fasterxml/jackson/datatype/jackson-datatype-jdk8/2.11.3/jackson-datatype-jdk8-2.11.3.jar:/Library/Maven-3.6.1/maven-repo/com/fasterxml/jackson/datatype/jackson-datatype-jsr310/2.11.3/jackson-datatype-jsr310-2.11.3.jar:/Library/Maven-3.6.1/maven-repo/com/fasterxml/jackson/module/jackson-module-parameter-names/2.11.3/jackson-module-parameter-names-2.11.3.jar:/Library/Maven-3.6.1/maven-repo/org/springframework/boot/spring-boot-starter-tomcat/2.4.0/spring-boot-starter-tomcat-2.4.0.jar:/Library/Maven-3.6.1/maven-repo/org/apache/tomcat/embed/tomcat-embed-core/9.0.39/tomcat-embed-core-9.0.39.jar:/Library/Maven-3.6.1/maven-repo/org/glassfish/jakarta.el/3.0.3/jakarta.el-3.0.3.jar:/Library/Maven-3.6.1/maven-repo/org/apache/tomcat/embed/tomcat-embed-websocket/9.0.39/tomcat-embed-websocket-9.0.39.jar:/Library/Maven-3.6.1/maven-repo/org/springframework/spring-web/5.3.1/spring-web-5.3.1.jar:/Library/Maven-3.6.1/maven-repo/org/springframework/spring-beans/5.3.1/spring-beans-5.3.1.jar:/Library/Maven-3.6.1/maven-repo/org/springframework/spring-webmvc/5.3.1/spring-webmvc-5.3.1.jar:/Library/Maven-3.6.1/maven-repo/org/springframework/spring-aop/5.3.1/spring-aop-5.3.1.jar:/Library/Maven-3.6.1/maven-repo/org/springframework/spring-context/5.3.1/spring-context-5.3.1.jar:/Library/Maven-3.6.1/maven-repo/org/springframework/spring-expression/5.3.1/spring-expression-5.3.1.jar:/Library/Maven-3.6.1/maven-repo/org/springframework/boot/spring-boot-starter-test/2.4.0/spring-boot-starter-test-2.4.0.jar:/Library/Maven-3.6.1/maven-repo/org/springframework/boot/spring-boot-test/2.4.0/spring-boot-test-2.4.0.jar:/Library/Maven-3.6.1/maven-repo/org/springframework/boot/spring-boot-test-autoconfigure/2.4.0/spring-boot-test-autoconfigure-2.4.0.jar:/Library/Maven-3.6.1/maven-repo/com/jayway/jsonpath/json-path/2.4.0/json-path-2.4.0.jar:/Library/Maven-3.6.1/maven-repo/net/minidev/json-smart/2.3/json-smart-2.3.jar:/Library/Maven-3.6.1/maven-repo/net/minidev/accessors-smart/1.2/accessors-smart-1.2.jar:/Library/Maven-3.6.1/maven-repo/org/ow2/asm/asm/5.0.4/asm-5.0.4.jar:/Library/Maven-3.6.1/maven-repo/org/slf4j/slf4j-api/1.7.30/slf4j-api-1.7.30.jar:/Library/Maven-3.6.1/maven-repo/jakarta/xml/bind/jakarta.xml.bind-api/2.3.3/jakarta.xml.bind-api-2.3.3.jar:/Library/Maven-3.6.1/maven-repo/jakarta/activation/jakarta.activation-api/1.2.2/jakarta.activation-api-1.2.2.jar:/Library/Maven-3.6.1/maven-repo/org/assertj/assertj-core/3.18.1/assertj-core-3.18.1.jar:/Library/Maven-3.6.1/maven-repo/org/hamcrest/hamcrest/2.2/hamcrest-2.2.jar:/Library/Maven-3.6.1/maven-repo/org/junit/jupiter/junit-jupiter/5.7.0/junit-jupiter-5.7.0.jar:/Library/Maven-3.6.1/maven-repo/org/junit/jupiter/junit-jupiter-api/5.7.0/junit-jupiter-api-5.7.0.jar:/Library/Maven-3.6.1/maven-repo/org/apiguardian/apiguardian-api/1.1.0/apiguardian-api-1.1.0.jar:/Library/Maven-3.6.1/maven-repo/org/opentest4j/opentest4j/1.2.0/opentest4j-1.2.0.jar:/Library/Maven-3.6.1/maven-repo/org/junit/platform/junit-platform-commons/1.7.0/junit-platform-commons-1.7.0.jar:/Library/Maven-3.6.1/maven-repo/org/junit/jupiter/junit-jupiter-params/5.7.0/junit-jupiter-params-5.7.0.jar:/Library/Maven-3.6.1/maven-repo/org/junit/jupiter/junit-jupiter-engine/5.7.0/junit-jupiter-engine-5.7.0.jar:/Library/Maven-3.6.1/maven-repo/org/junit/platform/junit-platform-engine/1.7.0/junit-platform-engine-1.7.0.jar:/Library/Maven-3.6.1/maven-repo/org/mockito/mockito-core/3.6.0/mockito-core-3.6.0.jar:/Library/Maven-3.6.1/maven-repo/net/bytebuddy/byte-buddy/1.10.18/byte-buddy-1.10.18.jar:/Library/Maven-3.6.1/maven-repo/net/bytebuddy/byte-buddy-agent/1.10.18/byte-buddy-agent-1.10.18.jar:/Library/Maven-3.6.1/maven-repo/org/objenesis/objenesis/3.1/objenesis-3.1.jar:/Library/Maven-3.6.1/maven-repo/org/mockito/mockito-junit-jupiter/3.6.0/mockito-junit-jupiter-3.6.0.jar:/Library/Maven-3.6.1/maven-repo/org/skyscreamer/jsonassert/1.5.0/jsonassert-1.5.0.jar:/Library/Maven-3.6.1/maven-repo/com/vaadin/external/google/android-json/0.0.20131108.vaadin1/android-json-0.0.20131108.vaadin1.jar:/Library/Maven-3.6.1/maven-repo/org/springframework/spring-core/5.3.1/spring-core-5.3.1.jar:/Library/Maven-3.6.1/maven-repo/org/springframework/spring-jcl/5.3.1/spring-jcl-5.3.1.jar:/Library/Maven-3.6.1/maven-repo/org/springframework/spring-test/5.3.1/spring-test-5.3.1.jar:/Library/Maven-3.6.1/maven-repo/org/xmlunit/xmlunit-core/2.7.0/xmlunit-core-2.7.0.jar:"/>
        <property name="sun.cpu.endian" value="little"/>
        <property name="user.home" value="/Users/nihaopeng"/>
        <property name="user.language" value="zh"/>
        <property name="java.specification.vendor" value="Oracle Corporation"/>
        <property name="java.home" value="/Library/Java/JavaVirtualMachines/jdk1.8.0_271.jdk/Contents/Home/jre"/>
        <property name="basedir" value="/Users/nihaopeng/个人/Git/JavaWeb/SpringBoot/helloworld1"/>
        <property name="file.separator" value="/"/>
        <property name="line.separator" value="&#10;"/>
        <property name="idea.version2019.2.4" value="true"/>
        <property name="java.vm.specification.vendor" value="Oracle Corporation"/>
        <property name="java.specification.name" value="Java Platform API Specification"/>
        <property name="java.awt.graphicsenv" value="sun.awt.CGraphicsEnvironment"/>
        <property name="surefire.real.class.path"
                  value="/Users/nihaopeng/个人/Git/JavaWeb/SpringBoot/helloworld1/target/surefire/surefirebooter2301466151340701744.jar"/>
        <property name="sun.boot.class.path"
                  value="/Library/Java/JavaVirtualMachines/jdk1.8.0_271.jdk/Contents/Home/jre/lib/resources.jar:/Library/Java/JavaVirtualMachines/jdk1.8.0_271.jdk/Contents/Home/jre/lib/rt.jar:/Library/Java/JavaVirtualMachines/jdk1.8.0_271.jdk/Contents/Home/jre/lib/sunrsasign.jar:/Library/Java/JavaVirtualMachines/jdk1.8.0_271.jdk/Contents/Home/jre/lib/jsse.jar:/Library/Java/JavaVirtualMachines/jdk1.8.0_271.jdk/Contents/Home/jre/lib/jce.jar:/Library/Java/JavaVirtualMachines/jdk1.8.0_271.jdk/Contents/Home/jre/lib/charsets.jar:/Library/Java/JavaVirtualMachines/jdk1.8.0_271.jdk/Contents/Home/jre/lib/jfr.jar:/Library/Java/JavaVirtualMachines/jdk1.8.0_271.jdk/Contents/Home/jre/classes"/>
        <property name="sun.management.compiler" value="HotSpot 64-Bit Tiered Compilers"/>
        <property name="java.runtime.version" value="1.8.0_271-b09"/>
        <property name="user.name" value="nihaopeng"/>
        <property name="path.separator" value=":"/>
        <property name="os.version" value="10.15.1"/>
        <property name="java.endorsed.dirs"
                  value="/Library/Java/JavaVirtualMachines/jdk1.8.0_271.jdk/Contents/Home/jre/lib/endorsed"/>
        <property name="java.runtime.name" value="Java(TM) SE Runtime Environment"/>
        <property name="file.encoding" value="UTF-8"/>
        <property name="java.vm.name" value="Java HotSpot(TM) 64-Bit Server VM"/>
        <property name="localRepository" value="/Library/Maven-3.6.1/maven-repo"/>
        <property name="java.vendor.url.bug" value="http://bugreport.sun.com/bugreport/"/>
        <property name="java.io.tmpdir" value="/var/folders/xq/sr66wmcx4lncwrkfx1dq6_fc0000gn/T/"/>
        <property name="java.version" value="1.8.0_271"/>
        <property name="user.dir" value="/Users/nihaopeng/个人/Git/JavaWeb/SpringBoot/helloworld1"/>
        <property name="os.arch" value="x86_64"/>
        <property name="java.vm.specification.name" value="Java Virtual Machine Specification"/>
        <property name="java.awt.printerjob" value="sun.lwawt.macosx.CPrinterJob"/>
        <property name="sun.os.patch.level" value="unknown"/>
        <property name="java.library.path"
                  value="/Users/nihaopeng/Library/Java/Extensions:/Library/Java/Extensions:/Network/Library/Java/Extensions:/System/Library/Java/Extensions:/usr/lib/java:."/>
        <property name="java.vm.info" value="mixed mode"/>
        <property name="java.vendor" value="Oracle Corporation"/>
        <property name="java.vm.version" value="25.271-b09"/>
        <property name="java.ext.dirs"
                  value="/Users/nihaopeng/Library/Java/Extensions:/Library/Java/JavaVirtualMachines/jdk1.8.0_271.jdk/Contents/Home/jre/lib/ext:/Library/Java/Extensions:/Network/Library/Java/Extensions:/System/Library/Java/Extensions:/usr/lib/java"/>
        <property name="sun.io.unicode.encoding" value="UnicodeBig"/>
        <property name="maven.repo.local" value="/Library/Maven-3.6.1/maven-repo"/>
        <property name="java.class.version" value="52.0"/>
    </properties>
    <testcase name="contextLoads" classname="com.komorebi.helloworld1.Helloworld1ApplicationTests" time="0.141"/>
</testsuite>